<?xml version="1.0" encoding="UTF-8"?>
<testsuite name="FileServerTest" tests="1" skipped="0" failures="0" errors="0" timestamp="2021-10-14T01:01:22" hostname="IVANPC" time="1.078">
  <properties/>
  <testcase name="start" classname="FileServerTest" time="1.078"/>
  <system-out><![CDATA[?[1;31m
Start test 1?[0m
Server started!
Client started!
Sent: Give me everything you have!
Received: Give me everything you have!
Sent: All files were sent!
Received: All files were sent!
]]></system-out>
  <system-err><![CDATA[]]></system-err>
</testsuite>
